<?xml version="1.0" encoding="UTF-8"?>
<!-- Generated by org.testng.reporters.JUnitXMLReporter -->
<testsuite ignored="1" hostname="LAPTOP-ODHCJP7U" failures="0" tests="2" name="ChromeWorkflow" time="21.47" errors="0" timestamp="2021-04-12T20:18:09 EDT">
  <testcase classname="testcases.Test1" name="homePageHeader" time="1.153"/>
  <testcase classname="testcases.TestA" name="pickUpPageNavigation" time="4.171"/>
  <testcase classname="testcases.Test1" name="smokeTest" time="0.0">
    <ignored/>
  </testcase> <!-- smokeTest -->
</testsuite> <!-- ChromeWorkflow -->
